<?xml version="1.0" encoding="UTF-8"?>
<testng-results ignored="0" total="2" passed="2" failed="0" skipped="0">
  <reporter-output>
  </reporter-output>
  <suite started-at="2023-01-15T14:33:08 IST" name="Suite" finished-at="2023-01-15T14:33:22 IST" duration-ms="14038">
    <groups>
    </groups>
    <test started-at="2023-01-15T14:33:08 IST" name="Test" finished-at="2023-01-15T14:33:22 IST" duration-ms="14038">
      <class name="test.login">
        <test-method signature="loginPage()[pri:0, instance:test.login@49049a04]" started-at="2023-01-15T14:33:14 IST" name="loginPage" finished-at="2023-01-15T14:33:22 IST" duration-ms="8287" status="PASS">
          <reporter-output>
          </reporter-output>
        </test-method> <!-- loginPage -->
      </class> <!-- test.login -->
      <class name="test.Amlogin">
        <test-method signature="amlog()[pri:0, instance:test.Amlogin@4803b726]" started-at="2023-01-15T14:33:08 IST" name="amlog" finished-at="2023-01-15T14:33:14 IST" duration-ms="5704" status="PASS">
          <reporter-output>
          </reporter-output>
        </test-method> <!-- amlog -->
      </class> <!-- test.Amlogin -->
    </test> <!-- Test -->
  </suite> <!-- Suite -->
</testng-results>
